# JRE version: Java(TM) SE Runtime Environment (17.0.7+8) (build 17.0.7+8-LTS-224)
# Java VM: Java HotSpot(TM) 64-Bit Server VM (17.0.7+8-LTS-224, mixed mode, sharing, tiered, compressed oops, compressed class ptrs, g1 gc, windows-amd64)
GC Precious Log:
 CPUs: 8 total, 8 available
 Memory: 8006M
 Large Page Support: Disabled
 NUMA Support: Disabled
 Compressed Oops: Enabled (32-bit)
 Heap Region Size: 1M
 Heap Min Capacity: 8M
 Heap Initial Capacity: 126M
 Heap Max Capacity: 2002M
 Pre-touch: Disabled
 Parallel Workers: 8
 Concurrent Workers: 2
 Concurrent Refinement Workers: 8
 Periodic GC: Disabled
Heap:
 garbage-first heap   total 113664K, used 70425K [0x0000000082e00000, 0x0000000100000000)
  region size 1024K, 1 young (1024K), 1 survivors (1024K)
 Metaspace       used 32441K, committed 32768K, reserved 1081344K
  class space    used 4118K, committed 4288K, reserved 1048576K
GC Heap History (20 events):
Event: 5.507 GC heap after
{Heap after GC invocations=6 (full 0):
 garbage-first heap   total 51200K, used 15774K [0x0000000082e00000, 0x0000000100000000)
  region size 1024K, 2 young (2048K), 2 survivors (2048K)
 Metaspace       used 27153K, committed 27456K, reserved 1081344K
  class space    used 3364K, committed 3520K, reserved 1048576K
}
Event: 5.608 GC heap before
{Heap before GC invocations=6 (full 0):
 garbage-first heap   total 51200K, used 16798K [0x0000000082e00000, 0x0000000100000000)
  region size 1024K, 3 young (3072K), 2 survivors (2048K)
 Metaspace       used 27362K, committed 27584K, reserved 1081344K
  class space    used 3402K, committed 3520K, reserved 1048576K
}
Event: 5.621 GC heap after
{Heap after GC invocations=7 (full 0):
 garbage-first heap   total 51200K, used 16196K [0x0000000082e00000, 0x0000000100000000)
  region size 1024K, 1 young (1024K), 1 survivors (1024K)
 Metaspace       used 27362K, committed 27584K, reserved 1081344K
  class space    used 3402K, committed 3520K, reserved 1048576K
}
Event: 6.277 GC heap before
{Heap before GC invocations=7 (full 0):
 garbage-first heap   total 51200K, used 26436K [0x0000000082e00000, 0x0000000100000000)
  region size 1024K, 13 young (13312K), 1 survivors (1024K)
 Metaspace       used 30171K, committed 30400K, reserved 1081344K
  class space    used 3814K, committed 3904K, reserved 1048576K
}
Event: 6.287 GC heap after
{Heap after GC invocations=8 (full 0):
 garbage-first heap   total 70656K, used 16594K [0x0000000082e00000, 0x0000000100000000)
  region size 1024K, 1 young (1024K), 1 survivors (1024K)
 Metaspace       used 30171K, committed 30400K, reserved 1081344K
  class space    used 3814K, committed 3904K, reserved 1048576K
}
Event: 15.992 GC heap before
{Heap before GC invocations=8 (full 0):
 garbage-first heap   total 70656K, used 62674K [0x0000000082e00000, 0x0000000100000000)
  region size 1024K, 30 young (30720K), 1 survivors (1024K)
 Metaspace       used 31719K, committed 32000K, reserved 1081344K
  class space    used 4028K, committed 4160K, reserved 1048576K
}
Event: 15.998 GC heap after
{Heap after GC invocations=9 (full 0):
 garbage-first heap   total 70656K, used 34601K [0x0000000082e00000, 0x0000000100000000)
  region size 1024K, 2 young (2048K), 2 survivors (2048K)
 Metaspace       used 31719K, committed 32000K, reserved 1081344K
  class space    used 4028K, committed 4160K, reserved 1048576K
}
Event: 16.141 GC heap before
{Heap before GC invocations=9 (full 0):
 garbage-first heap   total 70656K, used 55081K [0x0000000082e00000, 0x0000000100000000)
  region size 1024K, 22 young (22528K), 2 survivors (2048K)
 Metaspace       used 31720K, committed 32000K, reserved 1081344K
  class space    used 4028K, committed 4160K, reserved 1048576K
}
Event: 16.146 GC heap after
{Heap after GC invocations=10 (full 0):
 garbage-first heap   total 70656K, used 34759K [0x0000000082e00000, 0x0000000100000000)
  region size 1024K, 2 young (2048K), 2 survivors (2048K)
 Metaspace       used 31720K, committed 32000K, reserved 1081344K
  class space    used 4028K, committed 4160K, reserved 1048576K
}
Event: 43.797 GC heap before
{Heap before GC invocations=11 (full 0):
 garbage-first heap   total 73728K, used 67527K [0x0000000082e00000, 0x0000000100000000)
  region size 1024K, 18 young (18432K), 2 survivors (2048K)
 Metaspace       used 32368K, committed 32704K, reserved 1081344K
  class space    used 4117K, committed 4288K, reserved 1048576K
}
Event: 43.806 GC heap after
{Heap after GC invocations=12 (full 0):
 garbage-first heap   total 73728K, used 53132K [0x0000000082e00000, 0x0000000100000000)
  region size 1024K, 3 young (3072K), 3 survivors (3072K)
 Metaspace       used 32368K, committed 32704K, reserved 1081344K
  class space    used 4117K, committed 4288K, reserved 1048576K
}
Event: 43.827 GC heap before
{Heap before GC invocations=12 (full 0):
 garbage-first heap   total 73728K, used 54156K [0x0000000082e00000, 0x0000000100000000)
  region size 1024K, 4 young (4096K), 3 survivors (3072K)
 Metaspace       used 32383K, committed 32704K, reserved 1081344K
  class space    used 4117K, committed 4288K, reserved 1048576K
}
Event: 43.837 GC heap after
{Heap after GC invocations=13 (full 0):
 garbage-first heap   total 73728K, used 53644K [0x0000000082e00000, 0x0000000100000000)
  region size 1024K, 1 young (1024K), 1 survivors (1024K)
 Metaspace       used 32383K, committed 32704K, reserved 1081344K
  class space    used 4117K, committed 4288K, reserved 1048576K
}
Event: 43.905 GC heap before
{Heap before GC invocations=13 (full 0):
 garbage-first heap   total 73728K, used 61836K [0x0000000082e00000, 0x0000000100000000)
  region size 1024K, 9 young (9216K), 1 survivors (1024K)
 Metaspace       used 32391K, committed 32704K, reserved 1081344K
  class space    used 4117K, committed 4288K, reserved 1048576K
}
Event: 43.906 GC heap after
{Heap after GC invocations=14 (full 0):
 garbage-first heap   total 73728K, used 52991K [0x0000000082e00000, 0x0000000100000000)
  region size 1024K, 1 young (1024K), 1 survivors (1024K)
 Metaspace       used 32391K, committed 32704K, reserved 1081344K
  class space    used 4117K, committed 4288K, reserved 1048576K
}
Event: 44.005 GC heap before
{Heap before GC invocations=15 (full 0):
 garbage-first heap   total 96256K, used 61183K [0x0000000082e00000, 0x0000000100000000)
  region size 1024K, 9 young (9216K), 1 survivors (1024K)
 Metaspace       used 32391K, committed 32704K, reserved 1081344K
  class space    used 4117K, committed 4288K, reserved 1048576K
}
Event: 44.007 GC heap after
{Heap after GC invocations=16 (full 0):
 garbage-first heap   total 96256K, used 52869K [0x0000000082e00000, 0x0000000100000000)
  region size 1024K, 1 young (1024K), 1 survivors (1024K)
 Metaspace       used 32391K, committed 32704K, reserved 1081344K
  class space    used 4117K, committed 4288K, reserved 1048576K
}
Event: 44.038 GC heap before
{Heap before GC invocations=16 (full 0):
 garbage-first heap   total 96256K, used 55941K [0x0000000082e00000, 0x0000000100000000)
  region size 1024K, 4 young (4096K), 1 survivors (1024K)
 Metaspace       used 32391K, committed 32704K, reserved 1081344K
  class space    used 4117K, committed 4288K, reserved 1048576K
}
Event: 44.042 GC heap after
{Heap after GC invocations=17 (full 0):
 garbage-first heap   total 96256K, used 52615K [0x0000000082e00000, 0x0000000100000000)
  region size 1024K, 1 young (1024K), 1 survivors (1024K)
 Metaspace       used 32391K, committed 32704K, reserved 1081344K
  class space    used 4117K, committed 4288K, reserved 1048576K
}
Event: 55.856 GC heap before
{Heap before GC invocations=17 (full 0):
 garbage-first heap   total 113664K, used 96647K [0x0000000082e00000, 0x0000000100000000)
  region size 1024K, 27 young (27648K), 1 survivors (1024K)
 Metaspace       used 32441K, committed 32768K, reserved 1081344K
  class space    used 4118K, committed 4288K, reserved 1048576K
}

