# JRE version: OpenJDK Runtime Environment Temurin-17.0.5+8 (17.0.5+8) (build 17.0.5+8)
# Java VM: OpenJDK 64-Bit Server VM Temurin-17.0.5+8 (17.0.5+8, mixed mode, tiered, compressed oops, compressed class ptrs, g1 gc, windows-amd64)
GC Precious Log:
 CPUs: 8 total, 8 available
 Memory: 8006M
 Large Page Support: Disabled
 NUMA Support: Disabled
 Compressed Oops: Enabled (32-bit)
 Heap Region Size: 1M
 Heap Min Capacity: 8M
 Heap Initial Capacity: 126M
 Heap Max Capacity: 2002M
 Pre-touch: Disabled
 Parallel Workers: 8
 Concurrent Workers: 2
 Concurrent Refinement Workers: 8
 Periodic GC: Disabled
Heap:
 garbage-first heap   total 155648K, used 112199K [0x0000000082e00000, 0x0000000100000000)
  region size 1024K, 22 young (22528K), 1 survivors (1024K)
 Metaspace       used 49365K, committed 49728K, reserved 1097728K
  class space    used 5977K, committed 6144K, reserved 1048576K
GC Heap History (20 events):
Event: 25.389 GC heap before
{Heap before GC invocations=13 (full 0):
 garbage-first heap   total 75776K, used 59867K [0x0000000082e00000, 0x0000000100000000)
  region size 1024K, 24 young (24576K), 1 survivors (1024K)
 Metaspace       used 45136K, committed 45504K, reserved 1089536K
  class space    used 5453K, committed 5632K, reserved 1048576K
}
Event: 25.392 GC heap after
{Heap after GC invocations=14 (full 0):
 garbage-first heap   total 75776K, used 36232K [0x0000000082e00000, 0x0000000100000000)
  region size 1024K, 1 young (1024K), 1 survivors (1024K)
 Metaspace       used 45136K, committed 45504K, reserved 1089536K
  class space    used 5453K, committed 5632K, reserved 1048576K
}
Event: 25.545 GC heap before
{Heap before GC invocations=15 (full 0):
 garbage-first heap   total 75776K, used 60808K [0x0000000082e00000, 0x0000000100000000)
  region size 1024K, 25 young (25600K), 1 survivors (1024K)
 Metaspace       used 45159K, committed 45504K, reserved 1089536K
  class space    used 5455K, committed 5632K, reserved 1048576K
}
Event: 25.547 GC heap after
{Heap after GC invocations=16 (full 0):
 garbage-first heap   total 75776K, used 36223K [0x0000000082e00000, 0x0000000100000000)
  region size 1024K, 1 young (1024K), 1 survivors (1024K)
 Metaspace       used 45159K, committed 45504K, reserved 1089536K
  class space    used 5455K, committed 5632K, reserved 1048576K
}
Event: 25.800 GC heap before
{Heap before GC invocations=16 (full 0):
 garbage-first heap   total 75776K, used 38271K [0x0000000082e00000, 0x0000000100000000)
  region size 1024K, 4 young (4096K), 1 survivors (1024K)
 Metaspace       used 45169K, committed 45568K, reserved 1089536K
  class space    used 5455K, committed 5632K, reserved 1048576K
}
Event: 25.802 GC heap after
{Heap after GC invocations=17 (full 0):
 garbage-first heap   total 93184K, used 36380K [0x0000000082e00000, 0x0000000100000000)
  region size 1024K, 1 young (1024K), 1 survivors (1024K)
 Metaspace       used 45169K, committed 45568K, reserved 1089536K
  class space    used 5455K, committed 5632K, reserved 1048576K
}
Event: 42.352 GC heap before
{Heap before GC invocations=17 (full 0):
 garbage-first heap   total 93184K, used 87580K [0x0000000082e00000, 0x0000000100000000)
  region size 1024K, 35 young (35840K), 1 survivors (1024K)
 Metaspace       used 48508K, committed 48832K, reserved 1097728K
  class space    used 5912K, committed 6080K, reserved 1048576K
}
Event: 42.357 GC heap after
{Heap after GC invocations=18 (full 0):
 garbage-first heap   total 93184K, used 55731K [0x0000000082e00000, 0x0000000100000000)
  region size 1024K, 3 young (3072K), 3 survivors (3072K)
 Metaspace       used 48508K, committed 48832K, reserved 1097728K
  class space    used 5912K, committed 6080K, reserved 1048576K
}
Event: 42.527 GC heap before
{Heap before GC invocations=18 (full 0):
 garbage-first heap   total 93184K, used 78259K [0x0000000082e00000, 0x0000000100000000)
  region size 1024K, 25 young (25600K), 3 survivors (3072K)
 Metaspace       used 48508K, committed 48832K, reserved 1097728K
  class space    used 5912K, committed 6080K, reserved 1048576K
}
Event: 42.531 GC heap after
{Heap after GC invocations=19 (full 0):
 garbage-first heap   total 93184K, used 55907K [0x0000000082e00000, 0x0000000100000000)
  region size 1024K, 1 young (1024K), 1 survivors (1024K)
 Metaspace       used 48508K, committed 48832K, reserved 1097728K
  class space    used 5912K, committed 6080K, reserved 1048576K
}
Event: 42.822 GC heap before
{Heap before GC invocations=20 (full 0):
 garbage-first heap   total 102400K, used 72291K [0x0000000082e00000, 0x0000000100000000)
  region size 1024K, 18 young (18432K), 1 survivors (1024K)
 Metaspace       used 48529K, committed 48896K, reserved 1097728K
  class space    used 5912K, committed 6080K, reserved 1048576K
}
Event: 42.823 GC heap after
{Heap after GC invocations=21 (full 0):
 garbage-first heap   total 102400K, used 56005K [0x0000000082e00000, 0x0000000100000000)
  region size 1024K, 1 young (1024K), 1 survivors (1024K)
 Metaspace       used 48529K, committed 48896K, reserved 1097728K
  class space    used 5912K, committed 6080K, reserved 1048576K
}
Event: 49.719 GC heap before
{Heap before GC invocations=22 (full 0):
 garbage-first heap   total 126976K, used 104133K [0x0000000082e00000, 0x0000000100000000)
  region size 1024K, 31 young (31744K), 1 survivors (1024K)
 Metaspace       used 48635K, committed 49024K, reserved 1097728K
  class space    used 5912K, committed 6080K, reserved 1048576K
}
Event: 49.721 GC heap after
{Heap after GC invocations=23 (full 0):
 garbage-first heap   total 126976K, used 73819K [0x0000000082e00000, 0x0000000100000000)
  region size 1024K, 1 young (1024K), 1 survivors (1024K)
 Metaspace       used 48635K, committed 49024K, reserved 1097728K
  class space    used 5912K, committed 6080K, reserved 1048576K
}
Event: 50.504 GC heap before
{Heap before GC invocations=23 (full 0):
 garbage-first heap   total 126976K, used 93275K [0x0000000082e00000, 0x0000000100000000)
  region size 1024K, 21 young (21504K), 1 survivors (1024K)
 Metaspace       used 48665K, committed 49024K, reserved 1097728K
  class space    used 5912K, committed 6080K, reserved 1048576K
}
Event: 50.506 GC heap after
{Heap after GC invocations=24 (full 0):
 garbage-first heap   total 126976K, used 73996K [0x0000000082e00000, 0x0000000100000000)
  region size 1024K, 1 young (1024K), 1 survivors (1024K)
 Metaspace       used 48665K, committed 49024K, reserved 1097728K
  class space    used 5912K, committed 6080K, reserved 1048576K
}
Event: 76.710 GC heap before
{Heap before GC invocations=25 (full 0):
 garbage-first heap   total 155648K, used 126220K [0x0000000082e00000, 0x0000000100000000)
  region size 1024K, 35 young (35840K), 1 survivors (1024K)
 Metaspace       used 49053K, committed 49472K, reserved 1097728K
  class space    used 5948K, committed 6144K, reserved 1048576K
}
Event: 76.720 GC heap after
{Heap after GC invocations=26 (full 0):
 garbage-first heap   total 155648K, used 91883K [0x0000000082e00000, 0x0000000100000000)
  region size 1024K, 2 young (2048K), 2 survivors (2048K)
 Metaspace       used 49053K, committed 49472K, reserved 1097728K
  class space    used 5948K, committed 6144K, reserved 1048576K
}
Event: 76.786 GC heap before
{Heap before GC invocations=26 (full 0):
 garbage-first heap   total 155648K, used 95979K [0x0000000082e00000, 0x0000000100000000)
  region size 1024K, 7 young (7168K), 2 survivors (2048K)
 Metaspace       used 49053K, committed 49472K, reserved 1097728K
  class space    used 5948K, committed 6144K, reserved 1048576K
}
Event: 76.794 GC heap after
{Heap after GC invocations=27 (full 0):
 garbage-first heap   total 155648K, used 91719K [0x0000000082e00000, 0x0000000100000000)
  region size 1024K, 1 young (1024K), 1 survivors (1024K)
 Metaspace       used 49053K, committed 49472K, reserved 1097728K
  class space    used 5948K, committed 6144K, reserved 1048576K
}

