# JRE version: Java(TM) SE Runtime Environment (17.0.7+8) (build 17.0.7+8-LTS-224)
# Java VM: Java HotSpot(TM) 64-Bit Server VM (17.0.7+8-LTS-224, mixed mode, sharing, tiered, compressed oops, compressed class ptrs, g1 gc, windows-amd64)
GC Precious Log:
 CPUs: 8 total, 8 available
 Memory: 8006M
 Large Page Support: Disabled
 NUMA Support: Disabled
 Compressed Oops: Enabled (32-bit)
 Heap Region Size: 1M
 Heap Min Capacity: 8M
 Heap Initial Capacity: 126M
 Heap Max Capacity: 2002M
 Pre-touch: Disabled
 Parallel Workers: 8
 Concurrent Workers: 2
 Concurrent Refinement Workers: 8
 Periodic GC: Disabled
Heap:
 garbage-first heap   total 183296K, used 124336K [0x0000000082e00000, 0x0000000100000000)
  region size 1024K, 4 young (4096K), 3 survivors (3072K)
 Metaspace       used 32819K, committed 33152K, reserved 1081344K
  class space    used 4101K, committed 4288K, reserved 1048576K
GC Heap History (20 events):
Event: 19.802 GC heap before
{Heap before GC invocations=10 (full 0):
 garbage-first heap   total 66560K, used 49438K [0x0000000082e00000, 0x0000000100000000)
  region size 1024K, 18 young (18432K), 2 survivors (2048K)
 Metaspace       used 31752K, committed 32064K, reserved 1081344K
  class space    used 4031K, committed 4160K, reserved 1048576K
}
Event: 19.810 GC heap after
{Heap after GC invocations=11 (full 0):
 garbage-first heap   total 66560K, used 35233K [0x0000000082e00000, 0x0000000100000000)
  region size 1024K, 2 young (2048K), 2 survivors (2048K)
 Metaspace       used 31752K, committed 32064K, reserved 1081344K
  class space    used 4031K, committed 4160K, reserved 1048576K
}
Event: 37.293 GC heap before
{Heap before GC invocations=12 (full 0):
 garbage-first heap   total 92160K, used 69025K [0x0000000082e00000, 0x0000000100000000)
  region size 1024K, 18 young (18432K), 2 survivors (2048K)
 Metaspace       used 32284K, committed 32576K, reserved 1081344K
  class space    used 4090K, committed 4224K, reserved 1048576K
}
Event: 37.302 GC heap after
{Heap after GC invocations=13 (full 0):
 garbage-first heap   total 92160K, used 53176K [0x0000000082e00000, 0x0000000100000000)
  region size 1024K, 2 young (2048K), 2 survivors (2048K)
 Metaspace       used 32284K, committed 32576K, reserved 1081344K
  class space    used 4090K, committed 4224K, reserved 1048576K
}
Event: 37.474 GC heap before
{Heap before GC invocations=13 (full 0):
 garbage-first heap   total 92160K, used 76728K [0x0000000082e00000, 0x0000000100000000)
  region size 1024K, 25 young (25600K), 2 survivors (2048K)
 Metaspace       used 32284K, committed 32576K, reserved 1081344K
  class space    used 4090K, committed 4224K, reserved 1048576K
}
Event: 37.479 GC heap after
{Heap after GC invocations=14 (full 0):
 garbage-first heap   total 92160K, used 53176K [0x0000000082e00000, 0x0000000100000000)
  region size 1024K, 2 young (2048K), 2 survivors (2048K)
 Metaspace       used 32284K, committed 32576K, reserved 1081344K
  class space    used 4090K, committed 4224K, reserved 1048576K
}
Event: 37.762 GC heap before
{Heap before GC invocations=15 (full 0):
 garbage-first heap   total 96256K, used 68536K [0x0000000082e00000, 0x0000000100000000)
  region size 1024K, 18 young (18432K), 2 survivors (2048K)
 Metaspace       used 32336K, committed 32576K, reserved 1081344K
  class space    used 4090K, committed 4224K, reserved 1048576K
}
Event: 37.770 GC heap after
{Heap after GC invocations=16 (full 0):
 garbage-first heap   total 96256K, used 53544K [0x0000000082e00000, 0x0000000100000000)
  region size 1024K, 3 young (3072K), 3 survivors (3072K)
 Metaspace       used 32336K, committed 32576K, reserved 1081344K
  class space    used 4090K, committed 4224K, reserved 1048576K
}
Event: 46.371 GC heap before
{Heap before GC invocations=17 (full 0):
 garbage-first heap   total 122880K, used 97576K [0x0000000082e00000, 0x0000000100000000)
  region size 1024K, 29 young (29696K), 3 survivors (3072K)
 Metaspace       used 32455K, committed 32768K, reserved 1081344K
  class space    used 4091K, committed 4224K, reserved 1048576K
}
Event: 46.381 GC heap after
{Heap after GC invocations=18 (full 0):
 garbage-first heap   total 122880K, used 71068K [0x0000000082e00000, 0x0000000100000000)
  region size 1024K, 2 young (2048K), 2 survivors (2048K)
 Metaspace       used 32455K, committed 32768K, reserved 1081344K
  class space    used 4091K, committed 4224K, reserved 1048576K
}
Event: 46.866 GC heap before
{Heap before GC invocations=18 (full 0):
 garbage-first heap   total 122880K, used 94620K [0x0000000082e00000, 0x0000000100000000)
  region size 1024K, 26 young (26624K), 2 survivors (2048K)
 Metaspace       used 32514K, committed 32832K, reserved 1081344K
  class space    used 4091K, committed 4224K, reserved 1048576K
}
Event: 46.875 GC heap after
{Heap after GC invocations=19 (full 0):
 garbage-first heap   total 122880K, used 71277K [0x0000000082e00000, 0x0000000100000000)
  region size 1024K, 3 young (3072K), 3 survivors (3072K)
 Metaspace       used 32514K, committed 32832K, reserved 1081344K
  class space    used 4091K, committed 4224K, reserved 1048576K
}
Event: 79.254 GC heap before
{Heap before GC invocations=20 (full 0):
 garbage-first heap   total 153600K, used 121453K [0x0000000082e00000, 0x0000000100000000)
  region size 1024K, 35 young (35840K), 3 survivors (3072K)
 Metaspace       used 32725K, committed 33088K, reserved 1081344K
  class space    used 4101K, committed 4288K, reserved 1048576K
}
Event: 79.264 GC heap after
{Heap after GC invocations=21 (full 0):
 garbage-first heap   total 153600K, used 88764K [0x0000000082e00000, 0x0000000100000000)
  region size 1024K, 3 young (3072K), 3 survivors (3072K)
 Metaspace       used 32725K, committed 33088K, reserved 1081344K
  class space    used 4101K, committed 4288K, reserved 1048576K
}
Event: 79.633 GC heap before
{Heap before GC invocations=21 (full 0):
 garbage-first heap   total 153600K, used 108220K [0x0000000082e00000, 0x0000000100000000)
  region size 1024K, 23 young (23552K), 3 survivors (3072K)
 Metaspace       used 32744K, committed 33152K, reserved 1081344K
  class space    used 4101K, committed 4288K, reserved 1048576K
}
Event: 79.638 GC heap after
{Heap after GC invocations=22 (full 0):
 garbage-first heap   total 153600K, used 88929K [0x0000000082e00000, 0x0000000100000000)
  region size 1024K, 3 young (3072K), 3 survivors (3072K)
 Metaspace       used 32744K, committed 33152K, reserved 1081344K
  class space    used 4101K, committed 4288K, reserved 1048576K
}
Event: 91.333 GC heap before
{Heap before GC invocations=23 (full 0):
 garbage-first heap   total 183296K, used 146273K [0x0000000082e00000, 0x0000000100000000)
  region size 1024K, 42 young (43008K), 3 survivors (3072K)
 Metaspace       used 32808K, committed 33152K, reserved 1081344K
  class space    used 4101K, committed 4288K, reserved 1048576K
}
Event: 91.341 GC heap after
{Heap after GC invocations=24 (full 0):
 garbage-first heap   total 183296K, used 106716K [0x0000000082e00000, 0x0000000100000000)
  region size 1024K, 3 young (3072K), 3 survivors (3072K)
 Metaspace       used 32808K, committed 33152K, reserved 1081344K
  class space    used 4101K, committed 4288K, reserved 1048576K
}
Event: 91.808 GC heap before
{Heap before GC invocations=24 (full 0):
 garbage-first heap   total 183296K, used 115932K [0x0000000082e00000, 0x0000000100000000)
  region size 1024K, 13 young (13312K), 3 survivors (3072K)
 Metaspace       used 32818K, committed 33152K, reserved 1081344K
  class space    used 4101K, committed 4288K, reserved 1048576K
}
Event: 91.815 GC heap after
{Heap after GC invocations=25 (full 0):
 garbage-first heap   total 183296K, used 106928K [0x0000000082e00000, 0x0000000100000000)
  region size 1024K, 3 young (3072K), 3 survivors (3072K)
 Metaspace       used 32818K, committed 33152K, reserved 1081344K
  class space    used 4101K, committed 4288K, reserved 1048576K
}

